<?xml version="1.0" encoding="UTF-8"?>
<testsuite xmlns:xsi="http://www.w3.org/2001/XMLSchema-instance" xsi:noNamespaceSchemaLocation="https://maven.apache.org/surefire/maven-surefire-plugin/xsd/surefire-test-report-3.0.xsd" version="3.0" name="StudentListTests" time="0.07" tests="11" errors="0" skipped="0" failures="0">
  <properties>
    <property name="java.specification.version" value="21"/>
    <property name="sun.cpu.isalist" value="amd64"/>
    <property name="sun.jnu.encoding" value="Cp1250"/>
    <property name="java.class.path" value="C:\Users\adico\OneDrive - Politechnika Śląska\Pulpit\Studia\Github\Java-Lab-Private\Lab3\StudentsDiary_Swing_Updated\target\test-classes;C:\Users\adico\OneDrive - Politechnika Śląska\Pulpit\Studia\Github\Java-Lab-Private\Lab3\StudentsDiary_Swing_Updated\target\classes;C:\Users\adico\.m2\repository\org\projectlombok\lombok\1.18.34\lombok-1.18.34.jar;C:\Users\adico\.m2\repository\org\junit\jupiter\junit-jupiter-api\5.10.2\junit-jupiter-api-5.10.2.jar;C:\Users\adico\.m2\repository\org\opentest4j\opentest4j\1.3.0\opentest4j-1.3.0.jar;C:\Users\adico\.m2\repository\org\junit\platform\junit-platform-commons\1.10.2\junit-platform-commons-1.10.2.jar;C:\Users\adico\.m2\repository\org\apiguardian\apiguardian-api\1.1.2\apiguardian-api-1.1.2.jar;C:\Users\adico\.m2\repository\org\junit\jupiter\junit-jupiter-params\5.10.2\junit-jupiter-params-5.10.2.jar;"/>
    <property name="java.vm.vendor" value="Oracle Corporation"/>
    <property name="sun.arch.data.model" value="64"/>
    <property name="user.variant" value=""/>
    <property name="java.vendor.url" value="https://java.oracle.com/"/>
    <property name="user.timezone" value="Europe/Warsaw"/>
    <property name="os.name" value="Windows 11"/>
    <property name="java.vm.specification.version" value="21"/>
    <property name="user.country" value="PL"/>
    <property name="sun.java.launcher" value="SUN_STANDARD"/>
    <property name="sun.boot.library.path" value="C:\Program Files\Java\jdk-21\bin"/>
    <property name="sun.java.command" value="C:\Users\adico\AppData\Local\Temp\surefire10355013226686912155\surefirebooter-20241118184716656_3.jar C:\Users\adico\AppData\Local\Temp\surefire10355013226686912155 2024-11-18T18-47-16_558-jvmRun1 surefire-20241118184716656_1tmp surefire_0-20241118184716656_2tmp"/>
    <property name="jdk.debug" value="release"/>
    <property name="test" value="StudentListTests"/>
    <property name="surefire.test.class.path" value="C:\Users\adico\OneDrive - Politechnika Śląska\Pulpit\Studia\Github\Java-Lab-Private\Lab3\StudentsDiary_Swing_Updated\target\test-classes;C:\Users\adico\OneDrive - Politechnika Śląska\Pulpit\Studia\Github\Java-Lab-Private\Lab3\StudentsDiary_Swing_Updated\target\classes;C:\Users\adico\.m2\repository\org\projectlombok\lombok\1.18.34\lombok-1.18.34.jar;C:\Users\adico\.m2\repository\org\junit\jupiter\junit-jupiter-api\5.10.2\junit-jupiter-api-5.10.2.jar;C:\Users\adico\.m2\repository\org\opentest4j\opentest4j\1.3.0\opentest4j-1.3.0.jar;C:\Users\adico\.m2\repository\org\junit\platform\junit-platform-commons\1.10.2\junit-platform-commons-1.10.2.jar;C:\Users\adico\.m2\repository\org\apiguardian\apiguardian-api\1.1.2\apiguardian-api-1.1.2.jar;C:\Users\adico\.m2\repository\org\junit\jupiter\junit-jupiter-params\5.10.2\junit-jupiter-params-5.10.2.jar;"/>
    <property name="sun.cpu.endian" value="little"/>
    <property name="user.home" value="C:\Users\adico"/>
    <property name="user.language" value="pl"/>
    <property name="java.specification.vendor" value="Oracle Corporation"/>
    <property name="java.version.date" value="2024-07-16"/>
    <property name="java.home" value="C:\Program Files\Java\jdk-21"/>
    <property name="file.separator" value="\"/>
    <property name="basedir" value="C:\Users\adico\OneDrive - Politechnika Śląska\Pulpit\Studia\Github\Java-Lab-Private\Lab3\StudentsDiary_Swing_Updated"/>
    <property name="java.vm.compressedOopsMode" value="Zero based"/>
    <property name="line.separator" value="&#10;"/>
    <property name="java.vm.specification.vendor" value="Oracle Corporation"/>
    <property name="java.specification.name" value="Java Platform API Specification"/>
    <property name="surefire.real.class.path" value="C:\Users\adico\AppData\Local\Temp\surefire10355013226686912155\surefirebooter-20241118184716656_3.jar"/>
    <property name="user.script" value=""/>
    <property name="sun.management.compiler" value="HotSpot 64-Bit Tiered Compilers"/>
    <property name="java.runtime.version" value="21.0.4+8-LTS-274"/>
    <property name="user.name" value="adico"/>
    <property name="stdout.encoding" value="Cp1250"/>
    <property name="path.separator" value=";"/>
    <property name="os.version" value="10.0"/>
    <property name="java.runtime.name" value="Java(TM) SE Runtime Environment"/>
    <property name="file.encoding" value="UTF-8"/>
    <property name="java.vm.name" value="Java HotSpot(TM) 64-Bit Server VM"/>
    <property name="maven.ext.class.path" value="C:\Program Files\NetBeans-22\netbeans\java\maven-nblib\netbeans-eventspy.jar"/>
    <property name="localRepository" value="C:\Users\adico\.m2\repository"/>
    <property name="java.vendor.url.bug" value="https://bugreport.java.com/bugreport/"/>
    <property name="java.io.tmpdir" value="C:\Users\adico\AppData\Local\Temp\"/>
    <property name="java.version" value="21.0.4"/>
    <property name="user.dir" value="C:\Users\adico\OneDrive - Politechnika Śląska\Pulpit\Studia\Github\Java-Lab-Private\Lab3\StudentsDiary_Swing_Updated"/>
    <property name="os.arch" value="amd64"/>
    <property name="java.vm.specification.name" value="Java Virtual Machine Specification"/>
    <property name="sun.os.patch.level" value=""/>
    <property name="native.encoding" value="Cp1250"/>
    <property name="java.library.path" value="C:\Program Files\Java\jdk-21\bin;C:\Windows\Sun\Java\bin;C:\Windows\system32;C:\Windows;C:\Program Files\Common Files\Oracle\Java\javapath;C:\Program Files\Microsoft\jdk-11.0.16.101-hotspot\bin;C:\Windows\system32;C:\Windows;C:\Windows\System32\Wbem;C:\Windows\System32\WindowsPowerShell\v1.0\;C:\Windows\System32\OpenSSH\;C:\Program Files (x86)\NVIDIA Corporation\PhysX\Common;C:\Program Files\NVIDIA Corporation\NVIDIA NvDLISR;C:\Program Files\Microsoft SQL Server\150\Tools\Binn\;C:\Program Files\Microsoft SQL Server\Client SDK\ODBC\170\Tools\Binn\;C:\Program Files\dotnet\;C:\Program Files (x86)\Windows Kits\10\Windows Performance Toolkit\;C:\Program Files\Git\cmd;C:\Program Files\Git LFS;C:\Program Files\Microchip\xc8\v2.36\bin;C:\Users\adico\AppData\Local\Microsoft\WindowsApps;C:\Users\adico\.dotnet\tools;C:\Program Files\JetBrains\IntelliJ IDEA 2024.2.3\bin;C:\Users\adico\AppData\Local\gitkraken\bin;."/>
    <property name="java.vm.info" value="mixed mode, sharing"/>
    <property name="stderr.encoding" value="Cp1250"/>
    <property name="java.vendor" value="Oracle Corporation"/>
    <property name="java.vm.version" value="21.0.4+8-LTS-274"/>
    <property name="sun.io.unicode.encoding" value="UnicodeLittle"/>
    <property name="java.class.version" value="65.0"/>
  </properties>
  <testcase name="testEditStudentGrade" classname="StudentListTests" time="0.02"/>
  <testcase name="testAddStudentThrowsExceptionForDuplicateId" classname="StudentListTests" time="0.015"/>
  <testcase name="testFindStudentById" classname="StudentListTests" time="0.0"/>
  <testcase name="testAddStudent" classname="StudentListTests" time="0.0"/>
  <testcase name="testEditStudentData" classname="StudentListTests" time="0.0"/>
  <testcase name="testFindStudentByIdReturnsNullWhenNotFound" classname="StudentListTests" time="0.015"/>
  <testcase name="testRemoveStudentDoesNotThrowExceptionWhenNotFound" classname="StudentListTests" time="0.003"/>
  <testcase name="testAddGradeToStudent" classname="StudentListTests" time="0.0"/>
  <testcase name="testRemoveStudent" classname="StudentListTests" time="0.0"/>
  <testcase name="testAddGradeToStudentThrowsExceptionForInvalidGradeFormat" classname="StudentListTests" time="0.0"/>
  <testcase name="testRemoveGradeFromStudent" classname="StudentListTests" time="0.0"/>
</testsuite>